#! /usr/local/Cellar/icarus-verilog/10.3/bin/vvp
:ivl_version "10.3 (stable)" "(v10_3)";
:ivl_delay_selection "TYPICAL";
:vpi_time_precision - 12;
:vpi_module "system";
:vpi_module "vhdl_sys";
:vpi_module "v2005_math";
:vpi_module "va_math";
S_0x7fd43f402350 .scope module, "stimulus" "stimulus" 2 2;
 .timescale -12 -12;
v0x7fd43f418b00_0 .var "x", 0 0;
v0x7fd43f418b90_0 .var "y", 0 0;
v0x7fd43f418c20_0 .net "z", 0 0, L_0x7fd43f419110;  1 drivers
S_0x7fd43f4086b0 .scope module, "uut" "comparator" 2 10, 3 1 0, S_0x7fd43f402350;
 .timescale 0 0;
    .port_info 0 /INPUT 1 "x"
    .port_info 1 /INPUT 1 "y"
    .port_info 2 /OUTPUT 1 "z"
L_0x7fd43f418fb0 .functor AND 1, L_0x7fd43f418d10, L_0x7fd43f418e70, C4<1>, C4<1>;
L_0x7fd43f4190a0 .functor AND 1, v0x7fd43f418b00_0, v0x7fd43f418b90_0, C4<1>, C4<1>;
L_0x7fd43f419110 .functor OR 1, L_0x7fd43f418fb0, L_0x7fd43f4190a0, C4<0>, C4<0>;
L_0x10fb54008 .functor BUFT 1, C4<0>, C4<0>, C4<0>, C4<0>;
v0x7fd43f4024b0_0 .net *"_s0", 0 0, L_0x10fb54008;  1 drivers
v0x7fd43f4184b0_0 .net *"_s10", 0 0, L_0x7fd43f4190a0;  1 drivers
v0x7fd43f418560_0 .net *"_s3", 0 0, L_0x7fd43f418d10;  1 drivers
L_0x10fb54050 .functor BUFT 1, C4<0>, C4<0>, C4<0>, C4<0>;
v0x7fd43f418620_0 .net *"_s4", 0 0, L_0x10fb54050;  1 drivers
v0x7fd43f4186d0_0 .net *"_s7", 0 0, L_0x7fd43f418e70;  1 drivers
v0x7fd43f4187c0_0 .net *"_s8", 0 0, L_0x7fd43f418fb0;  1 drivers
v0x7fd43f418870_0 .net "x", 0 0, v0x7fd43f418b00_0;  1 drivers
v0x7fd43f418910_0 .net "y", 0 0, v0x7fd43f418b90_0;  1 drivers
v0x7fd43f4189b0_0 .net "z", 0 0, L_0x7fd43f419110;  alias, 1 drivers
L_0x7fd43f418d10 .arith/sub 1, L_0x10fb54008, v0x7fd43f418b00_0;
L_0x7fd43f418e70 .arith/sub 1, L_0x10fb54050, v0x7fd43f418b90_0;
    .scope S_0x7fd43f402350;
T_0 ;
    %pushi/vec4 0, 0, 1;
    %store/vec4 v0x7fd43f418b00_0, 0, 1;
    %pushi/vec4 0, 0, 1;
    %store/vec4 v0x7fd43f418b90_0, 0, 1;
    %delay 20, 0;
    %pushi/vec4 1, 0, 1;
    %store/vec4 v0x7fd43f418b00_0, 0, 1;
    %delay 20, 0;
    %pushi/vec4 1, 0, 1;
    %store/vec4 v0x7fd43f418b90_0, 0, 1;
    %delay 20, 0;
    %pushi/vec4 0, 0, 1;
    %store/vec4 v0x7fd43f418b90_0, 0, 1;
    %delay 20, 0;
    %pushi/vec4 0, 0, 1;
    %store/vec4 v0x7fd43f418b00_0, 0, 1;
    %delay 40, 0;
    %end;
    .thread T_0;
    .scope S_0x7fd43f402350;
T_1 ;
    %vpi_call 2 29 "$monitor", "x=%d, y=%d, z=%d \012", v0x7fd43f418b00_0, v0x7fd43f418b90_0, v0x7fd43f418c20_0 {0 0 0};
    %vpi_call 2 30 "$dumpfile", "comparator.vcd" {0 0 0};
    %vpi_call 2 31 "$dumpvars", 32'sb00000000000000000000000000000000, S_0x7fd43f402350 {0 0 0};
    %end;
    .thread T_1;
# The file index is used to find the file name in the following table.
:file_names 4;
    "N/A";
    "<interactive>";
    "comparator_test.v";
    "comparator.v";
