#! /usr/local/Cellar/icarus-verilog/10.3/bin/vvp
:ivl_version "10.3 (stable)" "(v10_3)";
:ivl_delay_selection "TYPICAL";
:vpi_time_precision - 9;
:vpi_module "system";
:vpi_module "vhdl_sys";
:vpi_module "v2005_math";
:vpi_module "va_math";
S_0x7fed54d0bd40 .scope module, "top" "top" 2 3;
 .timescale -9 -9;
P_0x7fed54d0e290 .param/l "STEP" 0 2 8, +C4<00000000000000000000000001100100>;
v0x7fed54d1f670_0 .var "clk", 0 0;
v0x7fed54d1f700_0 .net "q", 3 0, L_0x7fed54d1fea0;  1 drivers
v0x7fed54d1f790_0 .var "res", 0 0;
S_0x7fed54d0d150 .scope module, "counter_hex_i" "counter_hex" 2 11, 3 29 0, S_0x7fed54d0bd40;
 .timescale 0 0;
    .port_info 0 /INPUT 1 "clk"
    .port_info 1 /INPUT 1 "res"
    .port_info 2 /OUTPUT 4 "q"
v0x7fed54d1f310_0 .net "clk", 0 0, v0x7fed54d1f670_0;  1 drivers
v0x7fed54d1f420_0 .net "cu", 3 0, L_0x7fed54d200b0;  1 drivers
v0x7fed54d1f4b0_0 .net "q", 3 0, L_0x7fed54d1fea0;  alias, 1 drivers
v0x7fed54d1f540_0 .net "res", 0 0, v0x7fed54d1f790_0;  1 drivers
L_0x7fed54d1fa20 .part L_0x7fed54d200b0, 0, 1;
L_0x7fed54d1fbf0 .part L_0x7fed54d200b0, 1, 1;
L_0x7fed54d1fdc0 .part L_0x7fed54d200b0, 2, 1;
L_0x7fed54d1fea0 .concat8 [ 1 1 1 1], v0x7fed54d1ded0_0, v0x7fed54d1e4f0_0, v0x7fed54d1eb10_0, v0x7fed54d1f120_0;
L_0x7fed54d200b0 .concat8 [ 1 1 1 1], L_0x7fed54d1f820, L_0x7fed54d1f950, L_0x7fed54d1fb00, L_0x7fed54d1fd10;
S_0x7fed54d0a5d0 .scope module, "cb0" "cnt_bit" 3 38, 3 1 0, S_0x7fed54d0d150;
 .timescale 0 0;
    .port_info 0 /INPUT 1 "CK"
    .port_info 1 /INPUT 1 "RES"
    .port_info 2 /INPUT 1 "EN"
    .port_info 3 /OUTPUT 1 "Q"
    .port_info 4 /OUTPUT 1 "CU"
L_0x100e09008 .functor BUFT 1, C4<1>, C4<0>, C4<0>, C4<0>;
L_0x7fed54d1f820 .functor AND 1, L_0x100e09008, v0x7fed54d1ded0_0, C4<1>, C4<1>;
v0x7fed54d0cbc0_0 .net "CK", 0 0, v0x7fed54d1f670_0;  alias, 1 drivers
v0x7fed54d1dd80_0 .net "CU", 0 0, L_0x7fed54d1f820;  1 drivers
v0x7fed54d1de20_0 .net "EN", 0 0, L_0x100e09008;  1 drivers
v0x7fed54d1ded0_0 .var "Q", 0 0;
v0x7fed54d1df70_0 .net "RES", 0 0, v0x7fed54d1f790_0;  alias, 1 drivers
E_0x7fed54d0c7a0 .event posedge, v0x7fed54d1df70_0, v0x7fed54d0cbc0_0;
S_0x7fed54d1e0d0 .scope module, "cb1" "cnt_bit" 3 39, 3 1 0, S_0x7fed54d0d150;
 .timescale 0 0;
    .port_info 0 /INPUT 1 "CK"
    .port_info 1 /INPUT 1 "RES"
    .port_info 2 /INPUT 1 "EN"
    .port_info 3 /OUTPUT 1 "Q"
    .port_info 4 /OUTPUT 1 "CU"
L_0x7fed54d1f950 .functor AND 1, L_0x7fed54d1fa20, v0x7fed54d1e4f0_0, C4<1>, C4<1>;
v0x7fed54d1e300_0 .net "CK", 0 0, v0x7fed54d1f670_0;  alias, 1 drivers
v0x7fed54d1e3b0_0 .net "CU", 0 0, L_0x7fed54d1f950;  1 drivers
v0x7fed54d1e440_0 .net "EN", 0 0, L_0x7fed54d1fa20;  1 drivers
v0x7fed54d1e4f0_0 .var "Q", 0 0;
v0x7fed54d1e580_0 .net "RES", 0 0, v0x7fed54d1f790_0;  alias, 1 drivers
S_0x7fed54d1e6c0 .scope module, "cb2" "cnt_bit" 3 40, 3 1 0, S_0x7fed54d0d150;
 .timescale 0 0;
    .port_info 0 /INPUT 1 "CK"
    .port_info 1 /INPUT 1 "RES"
    .port_info 2 /INPUT 1 "EN"
    .port_info 3 /OUTPUT 1 "Q"
    .port_info 4 /OUTPUT 1 "CU"
L_0x7fed54d1fb00 .functor AND 1, L_0x7fed54d1fbf0, v0x7fed54d1eb10_0, C4<1>, C4<1>;
v0x7fed54d1e910_0 .net "CK", 0 0, v0x7fed54d1f670_0;  alias, 1 drivers
v0x7fed54d1e9e0_0 .net "CU", 0 0, L_0x7fed54d1fb00;  1 drivers
v0x7fed54d1ea80_0 .net "EN", 0 0, L_0x7fed54d1fbf0;  1 drivers
v0x7fed54d1eb10_0 .var "Q", 0 0;
v0x7fed54d1ebb0_0 .net "RES", 0 0, v0x7fed54d1f790_0;  alias, 1 drivers
S_0x7fed54d1ed20 .scope module, "cb3" "cnt_bit" 3 41, 3 1 0, S_0x7fed54d0d150;
 .timescale 0 0;
    .port_info 0 /INPUT 1 "CK"
    .port_info 1 /INPUT 1 "RES"
    .port_info 2 /INPUT 1 "EN"
    .port_info 3 /OUTPUT 1 "Q"
    .port_info 4 /OUTPUT 1 "CU"
L_0x7fed54d1fd10 .functor AND 1, L_0x7fed54d1fdc0, v0x7fed54d1f120_0, C4<1>, C4<1>;
v0x7fed54d1ef50_0 .net "CK", 0 0, v0x7fed54d1f670_0;  alias, 1 drivers
v0x7fed54d1efe0_0 .net "CU", 0 0, L_0x7fed54d1fd10;  1 drivers
v0x7fed54d1f070_0 .net "EN", 0 0, L_0x7fed54d1fdc0;  1 drivers
v0x7fed54d1f120_0 .var "Q", 0 0;
v0x7fed54d1f1c0_0 .net "RES", 0 0, v0x7fed54d1f790_0;  alias, 1 drivers
    .scope S_0x7fed54d0a5d0;
T_0 ;
    %wait E_0x7fed54d0c7a0;
    %load/vec4 v0x7fed54d1df70_0;
    %flag_set/vec4 8;
    %jmp/0xz  T_0.0, 8;
    %pushi/vec4 0, 0, 1;
    %assign/vec4 v0x7fed54d1ded0_0, 0;
    %jmp T_0.1;
T_0.0 ;
    %load/vec4 v0x7fed54d1de20_0;
    %flag_set/vec4 8;
    %jmp/0xz  T_0.2, 8;
    %load/vec4 v0x7fed54d1ded0_0;
    %inv;
    %assign/vec4 v0x7fed54d1ded0_0, 0;
T_0.2 ;
T_0.1 ;
    %jmp T_0;
    .thread T_0;
    .scope S_0x7fed54d1e0d0;
T_1 ;
    %wait E_0x7fed54d0c7a0;
    %load/vec4 v0x7fed54d1e580_0;
    %flag_set/vec4 8;
    %jmp/0xz  T_1.0, 8;
    %pushi/vec4 0, 0, 1;
    %assign/vec4 v0x7fed54d1e4f0_0, 0;
    %jmp T_1.1;
T_1.0 ;
    %load/vec4 v0x7fed54d1e440_0;
    %flag_set/vec4 8;
    %jmp/0xz  T_1.2, 8;
    %load/vec4 v0x7fed54d1e4f0_0;
    %inv;
    %assign/vec4 v0x7fed54d1e4f0_0, 0;
T_1.2 ;
T_1.1 ;
    %jmp T_1;
    .thread T_1;
    .scope S_0x7fed54d1e6c0;
T_2 ;
    %wait E_0x7fed54d0c7a0;
    %load/vec4 v0x7fed54d1ebb0_0;
    %flag_set/vec4 8;
    %jmp/0xz  T_2.0, 8;
    %pushi/vec4 0, 0, 1;
    %assign/vec4 v0x7fed54d1eb10_0, 0;
    %jmp T_2.1;
T_2.0 ;
    %load/vec4 v0x7fed54d1ea80_0;
    %flag_set/vec4 8;
    %jmp/0xz  T_2.2, 8;
    %load/vec4 v0x7fed54d1eb10_0;
    %inv;
    %assign/vec4 v0x7fed54d1eb10_0, 0;
T_2.2 ;
T_2.1 ;
    %jmp T_2;
    .thread T_2;
    .scope S_0x7fed54d1ed20;
T_3 ;
    %wait E_0x7fed54d0c7a0;
    %load/vec4 v0x7fed54d1f1c0_0;
    %flag_set/vec4 8;
    %jmp/0xz  T_3.0, 8;
    %pushi/vec4 0, 0, 1;
    %assign/vec4 v0x7fed54d1f120_0, 0;
    %jmp T_3.1;
T_3.0 ;
    %load/vec4 v0x7fed54d1f070_0;
    %flag_set/vec4 8;
    %jmp/0xz  T_3.2, 8;
    %load/vec4 v0x7fed54d1f120_0;
    %inv;
    %assign/vec4 v0x7fed54d1f120_0, 0;
T_3.2 ;
T_3.1 ;
    %jmp T_3;
    .thread T_3;
    .scope S_0x7fed54d0bd40;
T_4 ;
    %delay 50, 0;
    %load/vec4 v0x7fed54d1f670_0;
    %inv;
    %store/vec4 v0x7fed54d1f670_0, 0, 1;
    %jmp T_4;
    .thread T_4;
    .scope S_0x7fed54d0bd40;
T_5 ;
    %delay 0, 0;
    %pushi/vec4 0, 0, 1;
    %store/vec4 v0x7fed54d1f790_0, 0, 1;
    %pushi/vec4 0, 0, 1;
    %store/vec4 v0x7fed54d1f670_0, 0, 1;
    %delay 100, 0;
    %pushi/vec4 1, 0, 1;
    %store/vec4 v0x7fed54d1f790_0, 0, 1;
    %delay 100, 0;
    %pushi/vec4 0, 0, 1;
    %store/vec4 v0x7fed54d1f790_0, 0, 1;
    %delay 2000, 0;
    %vpi_call 2 17 "$finish" {0 0 0};
    %end;
    .thread T_5;
    .scope S_0x7fed54d0bd40;
T_6 ;
    %vpi_call 2 21 "$dumpfile", "fourbitcounter.vcd" {0 0 0};
    %vpi_call 2 22 "$dumpvars", 32'sb00000000000000000000000000000000, S_0x7fed54d0bd40 {0 0 0};
    %vpi_call 2 23 "$monitor", $stime, "res=%b clk=%b Q=%h", v0x7fed54d1f790_0, v0x7fed54d1f670_0, v0x7fed54d1f700_0 {0 0 0};
    %end;
    .thread T_6;
# The file index is used to find the file name in the following table.
:file_names 4;
    "N/A";
    "<interactive>";
    "fourbitcounter_test.v";
    "fourbitcounter.v";
